2025-05-29 17:45:14 | REAL | president bola ahmed tinubu is dead
2025-05-29 17:47:07 | REAL | donald trump is an african
2025-05-29 18:26:35 | FAKE | Donald Trump is from africa
2025-05-29 18:37:09 | FAKE | presidend bola ahmed tinubu is dead
2025-05-29 18:39:55 | FAKE | The federal university Oye Ekiti Institute of part-time studies admin head Ire campus just earn a chieftancy title in his hometown in Omu Ekiti - Ekiti state nigeria
2025-05-29 18:40:00 | FAKE | The federal university Oye Ekiti Institute of part-time studies admin head Ire campus just earn a chieftancy title in his hometown in Omu Ekiti - Ekiti state nigeria
2025-05-29 18:40:30 | FAKE | The admin head Ire campus just earn a chieftancy title in his hometown in Omu Ekiti - Ekiti state nigeria
2025-05-30 09:38:13 | ERROR | donald trump is an african
2025-06-11 14:11:30 | ERROR | president bola ahmed tinubu is dead
2025-06-11 14:13:24 | ERROR | BREAKING: Oshiomhole Shuts Down Lagos Airport’s Zulu Terminal After Missing Flight To Abuja Due To Lateness, Leaves Passengers Stranded
2025-06-11 14:34:39 | ERROR | BREAKING: Oshiomhole Shuts Down Lagos Airport’s Zulu Terminal After Missing Flight To Abuja Due To Lateness, Leaves Passengers Stranded
2025-06-11 14:36:40 | ERROR | BREAKING: Oshiomhole Shuts Down Lagos Airport’s Zulu Terminal After Missing Flight To Abuja Due To Lateness, Leaves Passengers Stranded
2025-06-11 14:38:28 | ERROR | BREAKING: Oshiomhole Shuts Down Lagos Airport’s Zulu Terminal After Missing Flight To Abuja Due To Lateness, Leaves Passengers Stranded
2025-06-11 14:45:47 | ERROR | BREAKING: Oshiomhole Shuts Down Lagos Airport’s Zulu Terminal After Missing Flight To Abuja Due To Lateness, Leaves Passengers Stranded
2025-06-11 14:54:33 | ERROR | BREAKING: Oshiomhole Shuts Down Lagos Airport’s Zulu Terminal After Missing Flight To Abuja Due To Lateness, Leaves Passengers Stranded
2025-06-11 15:02:00 | ERROR | BREAKING: Oshiomhole Shuts Down Lagos Airport’s Zulu Terminal After Missing Flight To Abuja Due To Lateness, Leaves Passengers Stranded
2025-06-11 15:02:02 | ERROR | BREAKING: Oshiomhole Shuts Down Lagos Airport’s Zulu Terminal After Missing Flight To Abuja Due To Lateness, Leaves Passengers Stranded
2025-06-11 16:13:15 | FAKE | donald trump is from africa
2025-06-11 16:14:13 | FAKE | BREAKING: Oshiomhole Shuts Down Lagos Airport’s Zulu Terminal After Missing Flight To Abuja Due To Lateness, Leaves Passengers Stranded
2025-06-12 18:56:59 | SUSPICIOUS | donald trum is dead
2025-06-12 18:58:35 | UNVERIFIED | MOSOP hails Tinubu’s pardon of Ogoni nine, seeks exoneration
2025-06-12 18:59:43 | FAKE | A London-bound passenger plane crashed in the Indian city of Ahmedabad on Thursday leaving one known survivor from 242 on board, with the jet smashing into buildings housing doctors and their families.

An AFP journalist saw bodies being recovered from the crash site, and the back of the Boeing 787-8 Dreamliner hanging over the edge of a building it hit around lunchtime.

“The tragedy in Ahmedabad has stunned and saddened us. It is heartbreaking beyond words,” Prime Minister Narendra Modi said after Air India’s flight 171 crashed following takeoff.

The bodies of passengers and victims on the ground were among 204 recovered so far, city police commissioner GS Malik said, while medics were treating dozens who were injured in the city.
2025-06-13 06:30:35 | FAKE | In June 2025, significant news includes the reinstatement of Donald Trump's travel ban affecting citizens from 12 countries, and ongoing protests in Los Angeles leading to the deployment of the National Guard. Additionally, a breakthrough in HIV research has left UK researchers optimistic about a potential cure. For more details, you can explore the articles
2025-06-14 04:10:03 | SUSPICIOUS | president bola ahmed tinubu is dead
2025-06-14 06:35:12 | SUSPICIOUS | president tinubu is dead
2025-06-14 07:17:28 | UNVERIFIED | the admin head of Ire campus Fuoye Ipts, Honorable Olusola has two chieftancy title one in his hometown and in church
2025-06-14 07:29:34 | SUSPICIOUS | donald trump is currently in nigeria
